#
# There is insufficient memory for the Java Runtime Environment to continue.
# Native memory allocation (malloc) failed to allocate 32744 bytes for ChunkPool::allocate
# Possible reasons:
#   The system is out of physical RAM or swap space
#   In 32 bit mode, the process size limit was hit
# Possible solutions:
#   Reduce memory load on the system
#   Increase physical memory or swap space
#   Check if swap backing store is full
#   Use 64 bit Java on a 64 bit OS
#   Decrease Java heap size (-Xmx/-Xms)
#   Decrease number of Java threads
#   Decrease Java thread stack sizes (-Xss)
#   Set larger code cache with -XX:ReservedCodeCacheSize=
# This output file may be truncated or incomplete.
#
#  Out of Memory Error (allocation.cpp:273), pid=15092, tid=600
#
# JRE version: Java(TM) SE Runtime Environment (8.0_74-b02) (build 1.8.0_74-b02)
# Java VM: Java HotSpot(TM) 64-Bit Server VM (25.74-b02 mixed mode windows-amd64 compressed oops)
# Failed to write core dump. Minidumps are not enabled by default on client versions of Windows
#

---------------  T H R E A D  ---------------

Current thread (0x000000001743a800):  JavaThread "C1 CompilerThread2" daemon [_thread_in_native, id=600, stack(0x0000000018cd0000,0x0000000018dd0000)]

Stack: [0x0000000018cd0000,0x0000000018dd0000]
[error occurred during error reporting (printing stack bounds), id 0xc0000005]

Native frames: (J=compiled Java code, j=interpreted, Vv=VM code, C=native code)


Current CompileTask:
C1:   8102 1024       3       sun.font.FontDesignMetrics::getDefaultFrc (53 bytes)


---------------  P R O C E S S  ---------------

Java Threads: ( => current thread )
  0x000000001a513800 JavaThread "TimerQueue" daemon [_thread_blocked, id=20528, stack(0x000000001af00000,0x000000001b000000)]
  0x00000000027e1000 JavaThread "DestroyJavaVM" [_thread_blocked, id=19940, stack(0x00000000026e0000,0x00000000027e0000)]
  0x0000000019189000 JavaThread "AWT-EventQueue-0" [_thread_in_native, id=19104, stack(0x0000000019a10000,0x0000000019b10000)]
  0x0000000019183800 JavaThread "AWT-Windows" daemon [_thread_in_native, id=22896, stack(0x0000000019740000,0x0000000019840000)]
  0x0000000019183000 JavaThread "AWT-Shutdown" [_thread_blocked, id=18436, stack(0x0000000019640000,0x0000000019740000)]
  0x0000000019180800 JavaThread "Java2D Disposer" daemon [_thread_blocked, id=18796, stack(0x0000000019540000,0x0000000019640000)]
  0x0000000018e08800 JavaThread "Service Thread" daemon [_thread_blocked, id=22976, stack(0x00000000191d0000,0x00000000192d0000)]
=>0x000000001743a800 JavaThread "C1 CompilerThread2" daemon [_thread_in_native, id=600, stack(0x0000000018cd0000,0x0000000018dd0000)]
  0x0000000017435800 JavaThread "C2 CompilerThread1" daemon [_thread_in_vm, id=21848, stack(0x0000000018bd0000,0x0000000018cd0000)]
  0x000000001742d000 JavaThread "C2 CompilerThread0" daemon [_thread_in_native, id=18568, stack(0x0000000018ad0000,0x0000000018bd0000)]
  0x000000001742a800 JavaThread "Attach Listener" daemon [_thread_blocked, id=19228, stack(0x00000000189d0000,0x0000000018ad0000)]
  0x0000000017429800 JavaThread "Signal Dispatcher" daemon [_thread_blocked, id=19584, stack(0x00000000188d0000,0x00000000189d0000)]
  0x000000001741a800 JavaThread "Finalizer" daemon [_thread_blocked, id=19892, stack(0x0000000018680000,0x0000000018780000)]
  0x00000000028cf000 JavaThread "Reference Handler" daemon [_thread_blocked, id=6112, stack(0x0000000018580000,0x0000000018680000)]

Other Threads:
  0x00000000173f8000 VMThread [stack: 0x0000000018480000,0x0000000018580000] [id=9448]
  0x0000000018e13000 WatcherThread [stack: 0x00000000192d0000,0x00000000193d0000] [id=17148]

VM state:not at safepoint (normal execution)

VM Mutex/Monitor currently owned by a thread: None

Heap:
 PSYoungGen      total 38400K, used 27517K [0x00000000d5f80000, 0x00000000d8a00000, 0x0000000100000000)
  eden space 33280K, 82% used [0x00000000d5f80000,0x00000000d7a5f620,0x00000000d8000000)
  from space 5120K, 0% used [0x00000000d8500000,0x00000000d8500000,0x00000000d8a00000)
  to   space 5120K, 0% used [0x00000000d8000000,0x00000000d8000000,0x00000000d8500000)
 ParOldGen       total 87552K, used 0K [0x0000000081e00000, 0x0000000087380000, 0x00000000d5f80000)
  object space 87552K, 0% used [0x0000000081e00000,0x0000000081e00000,0x0000000087380000)
 Metaspace       used 13054K, capacity 13272K, committed 13440K, reserved 1060864K
  class space    used 1807K, capacity 1878K, committed 1920K, reserved 1048576K

Card table byte_map: [0x0000000011ca0000,0x00000000120a0000] byte_map_base: 0x0000000011891000

Marking Bits: (ParMarkBitMap*) 0x0000000071670600
 Begin Bits: [0x0000000012750000, 0x00000000146d8000)
 End Bits:   [0x00000000146d8000, 0x0000000016660000)

Polling page: 0x0000000002670000

CodeCache: size=245760Kb used=3640Kb max_used=3641Kb free=242119Kb
 bounds [0x00000000028e0000, 0x0000000002c80000, 0x00000000118e0000]
 total_blobs=1500 nmethods=1021 adapters=391
 compilation: enabled

Compilation events (10 events):
Event: 1.779 Thread 0x000000001743a800 nmethod 1017 0x0000000002c6f210 code [0x0000000002c6f360, 0x0000000002c6f4d0]
Event: 1.779 Thread 0x000000001743a800 1016       1       java.util.LinkedList::size (5 bytes)
Event: 1.779 Thread 0x000000001743a800 nmethod 1016 0x0000000002c6ef50 code [0x0000000002c6f0a0, 0x0000000002c6f1b0]
Event: 8.040 Thread 0x000000001743a800 1020       3       java.lang.Long::longValue (5 bytes)
Event: 8.040 Thread 0x000000001743a800 nmethod 1020 0x0000000002c6ec50 code [0x0000000002c6eda0, 0x0000000002c6eef0]
Event: 8.040 Thread 0x000000001743a800 1021       3       java.util.concurrent.locks.ReentrantReadWriteLock$ReadLock::lock (9 bytes)
Event: 8.040 Thread 0x000000001743a800 nmethod 1021 0x0000000002c6e650 code [0x0000000002c6e7c0, 0x0000000002c6eb38]
Event: 8.040 Thread 0x000000001743a800 1022       3       java.util.concurrent.locks.AbstractQueuedSynchronizer::acquireShared (14 bytes)
Event: 8.041 Thread 0x000000001743a800 nmethod 1022 0x0000000002c6e190 code [0x0000000002c6e300, 0x0000000002c6e598]
Event: 8.041 Thread 0x000000001743a800 1024       3       sun.font.FontDesignMetrics::getDefaultFrc (53 bytes)

GC Heap History (0 events):
No events

Deoptimization events (7 events):
Event: 0.171 Thread 0x0000000019189000 Uncommon trap: reason=null_check action=make_not_entrant pc=0x0000000002a4e4dc method=java.lang.String.equals(Ljava/lang/Object;)Z @ 8
Event: 0.345 Thread 0x000000001a3f1800 Uncommon trap: reason=unstable_if action=reinterpret pc=0x0000000002ab1f84 method=sun.awt.image.PNGImageDecoder.filterRow([B[BIII)V @ 76
Event: 0.540 Thread 0x0000000019189000 Uncommon trap: reason=class_check action=maybe_recompile pc=0x0000000002a63ee8 method=java.lang.String.equals(Ljava/lang/Object;)Z @ 8
Event: 0.540 Thread 0x0000000019189000 Uncommon trap: reason=class_check action=maybe_recompile pc=0x0000000002a63ee8 method=java.lang.String.equals(Ljava/lang/Object;)Z @ 8
Event: 0.541 Thread 0x0000000019189000 Uncommon trap: reason=class_check action=maybe_recompile pc=0x0000000002a63ee8 method=java.lang.String.equals(Ljava/lang/Object;)Z @ 8
Event: 0.541 Thread 0x0000000019189000 Uncommon trap: reason=class_check action=maybe_recompile pc=0x0000000002a63ee8 method=java.lang.String.equals(Ljava/lang/Object;)Z @ 8
Event: 1.777 Thread 0x0000000019189000 Uncommon trap: reason=unstable_if action=reinterpret pc=0x0000000002c49524 method=sun.awt.SunToolkit.getAppContext(Ljava/lang/Object;)Lsun/awt/AppContext; @ 4

Internal exceptions (10 events):
Event: 0.080 Thread 0x00000000027e1000 Exception <a 'java/security/PrivilegedActionException'> (0x00000000d60126a8) thrown at [C:\re\workspace\8-2-build-windows-amd64-cygwin\jdk8u74\6087\hotspot\src\share\vm\prims\jvm.cpp, line 1386]
Event: 0.080 Thread 0x00000000027e1000 Exception <a 'java/security/PrivilegedActionException'> (0x00000000d60128b8) thrown at [C:\re\workspace\8-2-build-windows-amd64-cygwin\jdk8u74\6087\hotspot\src\share\vm\prims\jvm.cpp, line 1386]
Event: 0.080 Thread 0x00000000027e1000 Exception <a 'java/security/PrivilegedActionException'> (0x00000000d6016460) thrown at [C:\re\workspace\8-2-build-windows-amd64-cygwin\jdk8u74\6087\hotspot\src\share\vm\prims\jvm.cpp, line 1386]
Event: 0.080 Thread 0x00000000027e1000 Exception <a 'java/security/PrivilegedActionException'> (0x00000000d6016670) thrown at [C:\re\workspace\8-2-build-windows-amd64-cygwin\jdk8u74\6087\hotspot\src\share\vm\prims\jvm.cpp, line 1386]
Event: 0.085 Thread 0x00000000027e1000 Exception <a 'java/io/FileNotFoundException'> (0x00000000d60196b0) thrown at [C:\re\workspace\8-2-build-windows-amd64-cygwin\jdk8u74\6087\hotspot\src\share\vm\prims\jni.cpp, line 709]
Event: 0.115 Thread 0x00000000027e1000 Exception <a 'java/lang/NoSuchFieldError': method resolution failed> (0x00000000d618d780) thrown at [C:\re\workspace\8-2-build-windows-amd64-cygwin\jdk8u74\6087\hotspot\src\share\vm\prims\methodHandles.cpp, line 1146]
Event: 0.116 Thread 0x00000000027e1000 Exception <a 'java/lang/NoSuchFieldError': method resolution failed> (0x00000000d619ab50) thrown at [C:\re\workspace\8-2-build-windows-amd64-cygwin\jdk8u74\6087\hotspot\src\share\vm\prims\methodHandles.cpp, line 1146]
Event: 0.171 Thread 0x0000000019189000 Implicit null exception at 0x0000000002a4e31b to 0x0000000002a4e4cd
Event: 0.174 Thread 0x0000000019189000 Exception <a 'java/io/FileNotFoundException'> (0x00000000d6386db8) thrown at [C:\re\workspace\8-2-build-windows-amd64-cygwin\jdk8u74\6087\hotspot\src\share\vm\prims\jni.cpp, line 709]
Event: 0.345 Thread 0x000000001a3f1800 Implicit null exception at 0x0000000002ab17e1 to 0x0000000002ab1f5d

Events (10 events):
Event: 1.779 loading class java/awt/DefaultKeyboardFocusManager$TypeAheadMarker
Event: 1.779 loading class java/awt/DefaultKeyboardFocusManager$TypeAheadMarker done
Event: 1.779 loading class java/awt/KeyboardFocusManager$LightweightFocusRequest
Event: 1.779 loading class java/awt/KeyboardFocusManager$LightweightFocusRequest done
Event: 4.104 Executing VM operation: EnableBiasedLocking
Event: 4.104 Executing VM operation: EnableBiasedLocking done
Event: 5.373 Thread 0x000000001a3f1800 Thread exited: 0x000000001a3f1800
Event: 5.389 Thread 0x000000001a53e000 Thread exited: 0x000000001a53e000
Event: 8.020 loading class sun/awt/CausedFocusEvent
Event: 8.020 loading class sun/awt/CausedFocusEvent done


Dynamic libraries:
0x00007ff7ef000000 - 0x00007ff7ef037000 	C:\Program Files\Java\jre1.8.0_74\bin\javaw.exe
0x00007ff9d7490000 - 0x00007ff9d76a7000 	C:\WINDOWS\SYSTEM32\ntdll.dll
0x00007ff9d69b0000 - 0x00007ff9d6a74000 	C:\WINDOWS\System32\KERNEL32.DLL
0x00007ff9d4a10000 - 0x00007ff9d4db7000 	C:\WINDOWS\System32\KERNELBASE.dll
0x00007ff9d5680000 - 0x00007ff9d5732000 	C:\WINDOWS\System32\ADVAPI32.dll
0x00007ff9d6df0000 - 0x00007ff9d6e97000 	C:\WINDOWS\System32\msvcrt.dll
0x00007ff9d5d70000 - 0x00007ff9d5e18000 	C:\WINDOWS\System32\sechost.dll
0x00007ff9d48f0000 - 0x00007ff9d4918000 	C:\WINDOWS\System32\bcrypt.dll
0x00007ff9d5e20000 - 0x00007ff9d5f35000 	C:\WINDOWS\System32\RPCRT4.dll
0x00007ff9d70e0000 - 0x00007ff9d728e000 	C:\WINDOWS\System32\USER32.dll
0x00007ff9d49e0000 - 0x00007ff9d4a06000 	C:\WINDOWS\System32\win32u.dll
0x00007ff9d58c0000 - 0x00007ff9d58e9000 	C:\WINDOWS\System32\GDI32.dll
0x00007ff9d4fd0000 - 0x00007ff9d50e9000 	C:\WINDOWS\System32\gdi32full.dll
0x00007ff9d50f0000 - 0x00007ff9d518a000 	C:\WINDOWS\System32\msvcp_win.dll
0x00007ff9d4e30000 - 0x00007ff9d4f41000 	C:\WINDOWS\System32\ucrtbase.dll
0x00007ff9c2500000 - 0x00007ff9c2793000 	C:\WINDOWS\WinSxS\amd64_microsoft.windows.common-controls_6595b64144ccf1df_6.0.22621.3527_none_270e469b73872a76\COMCTL32.dll
0x00007ff9d6fa0000 - 0x00007ff9d6fd1000 	C:\WINDOWS\System32\IMM32.DLL
0x0000000070ad0000 - 0x0000000070ba2000 	C:\Program Files\Java\jre1.8.0_74\bin\msvcr100.dll
0x0000000070e60000 - 0x00000000716f0000 	C:\Program Files\Java\jre1.8.0_74\bin\server\jvm.dll
0x00007ff9d7410000 - 0x00007ff9d7418000 	C:\WINDOWS\System32\PSAPI.DLL
0x00007ff9cfbf0000 - 0x00007ff9cfbfa000 	C:\WINDOWS\SYSTEM32\VERSION.dll
0x00007ff9cdf70000 - 0x00007ff9cdfa4000 	C:\WINDOWS\SYSTEM32\WINMM.dll
0x00007ff9c5160000 - 0x00007ff9c5169000 	C:\WINDOWS\SYSTEM32\WSOCK32.dll
0x00007ff9d6d50000 - 0x00007ff9d6dc1000 	C:\WINDOWS\System32\WS2_32.dll
0x0000000070d70000 - 0x0000000070d7f000 	C:\Program Files\Java\jre1.8.0_74\bin\verify.dll
0x0000000070d40000 - 0x0000000070d69000 	C:\Program Files\Java\jre1.8.0_74\bin\java.dll
0x0000000070d20000 - 0x0000000070d36000 	C:\Program Files\Java\jre1.8.0_74\bin\zip.dll
0x00007ff9d6150000 - 0x00007ff9d69ac000 	C:\WINDOWS\System32\SHELL32.dll
0x00007ff9d2670000 - 0x00007ff9d2f66000 	C:\WINDOWS\SYSTEM32\windows.storage.dll
0x00007ff9d5210000 - 0x00007ff9d5598000 	C:\WINDOWS\System32\combase.dll
0x00007ff9d2530000 - 0x00007ff9d266e000 	C:\WINDOWS\SYSTEM32\wintypes.dll
0x00007ff9d6c50000 - 0x00007ff9d6d45000 	C:\WINDOWS\System32\SHCORE.dll
0x00007ff9d6ff0000 - 0x00007ff9d704e000 	C:\WINDOWS\System32\shlwapi.dll
0x00007ff9d46b0000 - 0x00007ff9d46d1000 	C:\WINDOWS\SYSTEM32\profapi.dll
0x0000000070930000 - 0x0000000070ac8000 	C:\Program Files\Java\jre1.8.0_74\bin\awt.dll
0x00007ff9d55a0000 - 0x00007ff9d5677000 	C:\WINDOWS\System32\OLEAUT32.dll
0x00007ff9d1b00000 - 0x00007ff9d1b97000 	C:\WINDOWS\SYSTEM32\apphelp.dll
0x00007ff9d1cb0000 - 0x00007ff9d1d5b000 	C:\WINDOWS\system32\uxtheme.dll
0x00007ff9d5760000 - 0x00007ff9d58b3000 	C:\WINDOWS\System32\MSCTF.dll
0x00007ff9d5fa0000 - 0x00007ff9d6145000 	C:\WINDOWS\System32\ole32.dll
0x00007ff9d3850000 - 0x00007ff9d3868000 	C:\WINDOWS\SYSTEM32\kernel.appcore.dll
0x00007ff9d4f50000 - 0x00007ff9d4fc9000 	C:\WINDOWS\System32\bcryptPrimitives.dll
0x00007ff9d20c0000 - 0x00007ff9d20eb000 	C:\WINDOWS\system32\DWMAPI.DLL
0x00000000708e0000 - 0x0000000070927000 	C:\Program Files\Java\jre1.8.0_74\bin\fontmanager.dll
0x0000000070d00000 - 0x0000000070d1a000 	C:\Program Files\Java\jre1.8.0_74\bin\net.dll
0x00007ff9d3cb0000 - 0x00007ff9d3d19000 	C:\WINDOWS\system32\mswsock.dll
0x0000000070ce0000 - 0x0000000070cf1000 	C:\Program Files\Java\jre1.8.0_74\bin\nio.dll
0x0000000070890000 - 0x00000000708d2000 	C:\Program Files\Java\jre1.8.0_74\bin\t2k.dll
0x00007ff9d7360000 - 0x00007ff9d7410000 	C:\WINDOWS\System32\clbcatq.dll
0x00007ff9d02b0000 - 0x00007ff9d0460000 	C:\WINDOWS\SYSTEM32\WindowsCodecs.dll
0x00007ff9afa30000 - 0x00007ff9afa8e000 	C:\WINDOWS\system32\dataexchange.dll
0x00007ff9bc610000 - 0x00007ff9bc89b000 	C:\WINDOWS\system32\twinapi.appcore.dll
0x00007ff9bb040000 - 0x00007ff9bb18b000 	C:\WINDOWS\SYSTEM32\textinputframework.dll

VM Arguments:
jvm_args: -Dfile.encoding=Cp1252 
java_command: gui.MainScreen
java_class_path (initial): D:\Proyectos\Java\dpoo-final-project\bin;D:\Proyectos\Java\dpoo-final-project\forms-1.3.0.jar;D:\Proyectos\Java\dpoo-final-project\flatlaf-3.6.jar
Launcher Type: SUN_STANDARD

Environment Variables:
PATH=C:/Program Files/Java/jre1.8.0_74/bin/server;C:/Program Files/Java/jre1.8.0_74/bin;C:/Program Files/Java/jre1.8.0_74/lib/amd64;C:\ProgramData\Oracle\Java\javapath;C:\Program Files (x86)\Common Files\Oracle\Java\java8path;C:\Program Files (x86)\Common Files\Oracle\Java\javapath;C:\WINDOWS\system32;C:\WINDOWS;C:\WINDOWS\System32\Wbem;C:\WINDOWS\System32\WindowsPowerShell\v1.0\;C:\WINDOWS\System32\OpenSSH\;C:\Program Files\Git\cmd;C:\ProgramData\chocolatey\bin;C:\Program Files\dotnet\;C:\Program Files (x86)\Windows Kits\10\Windows Performance Toolkit\;C:\Program Files\GitHub CLI\;C:\Program Files\nodejs\;C:\Program Files\PowerShell\7\;C:\Users\user\.cargo\bin;C:\Users\user\AppData\Local\pnpm;C:\Users\user\AppData\Local\Microsoft\WindowsApps;C:\Users\user\AppData\Local\Programs\oh-my-posh\bin;C:\Users\user\AppData\Local\Programs\Microsoft VS Code\bin;C:\Program Files\Neovim\bin;C:\ProgramData\mingw64\mingw64\bin;C:\Users\user\.bun\bin;C:\Users\user\AppData\Local\Microsoft\WinGet\Packages\zig.zig_Microsoft.Winget.Source_8wekyb3d8bbwe\zig-windows-x86_64-0.11.0;C:\Users\user\.dotnet\tools;C:\Users\user\AppData\Roaming\npm;C:\Users\user\Documents\eclipse-jee-kepler-R-win32-x86_64\eclipse;
USERNAME=user
OS=Windows_NT
PROCESSOR_IDENTIFIER=Intel64 Family 6 Model 142 Stepping 12, GenuineIntel



---------------  S Y S T E M  ---------------

OS: Windows 10.0 , 64 bit Build 22621 (10.0.22621.3527)

CPU:total 4 (2 cores per cpu, 2 threads per core) family 6 model 142 stepping 12, cmov, cx8, fxsr, mmx, sse, sse2, sse3, ssse3, sse4.1, sse4.2, popcnt, avx, avx2, aes, clmul, erms, 3dnowpref, lzcnt, ht, tsc, tscinvbit, bmi1, bmi2, adx

Memory: 4k page, physical 8260448k(1022932k free), swap 33426272k(16k free)

vm_info: Java HotSpot(TM) 64-Bit Server VM (25.74-b02) for windows-amd64 JRE (1.8.0_74-b02), built on Jan 29 2016 17:42:36 by "java_re" with MS VC++ 10.0 (VS2010)

time: Mon Jun 09 11:50:45 2025
elapsed time: 8 seconds (0d 0h 0m 8s)

